#! /c/Source/iverilog-install/bin/vvp
:ivl_version "12.0 (devel)" "(s20150603-1539-g2693dd32b)";
:ivl_delay_selection "TYPICAL";
:vpi_time_precision + 0;
:vpi_module "C:\iverilog\lib\ivl\system.vpi";
:vpi_module "C:\iverilog\lib\ivl\vhdl_sys.vpi";
:vpi_module "C:\iverilog\lib\ivl\vhdl_textio.vpi";
:vpi_module "C:\iverilog\lib\ivl\v2005_math.vpi";
:vpi_module "C:\iverilog\lib\ivl\va_math.vpi";
S_00000243a39d70e0 .scope module, "timed_fsm_tb" "timed_fsm_tb" 2 1;
 .timescale 0 0;
v00000243a39d2780_0 .var "clk", 0 0;
v00000243a39d2820_0 .var "reset", 0 0;
v00000243a39d28c0_0 .net "state", 1 0, v00000243a398bc50_0;  1 drivers
S_00000243a39d7270 .scope module, "uut" "timed_fsm" 2 7, 3 1 0, S_00000243a39d70e0;
 .timescale 0 0;
    .port_info 0 /INPUT 1 "clk";
    .port_info 1 /INPUT 1 "reset";
    .port_info 2 /OUTPUT 2 "state";
P_00000243a39863e0 .param/l "GREEN" 0 3 8, C4<01>;
P_00000243a3986418 .param/l "RED" 0 3 7, C4<00>;
P_00000243a3986450 .param/l "YELLOW" 0 3 9, C4<10>;
v00000243a3986a60_0 .net "clk", 0 0, v00000243a39d2780_0;  1 drivers
v00000243a3986c80_0 .var "count", 2 0;
v00000243a398bbb0_0 .net "reset", 0 0, v00000243a39d2820_0;  1 drivers
v00000243a398bc50_0 .var "state", 1 0;
E_00000243a39884b0 .event posedge, v00000243a3986a60_0;
    .scope S_00000243a39d7270;
T_0 ;
    %wait E_00000243a39884b0;
    %load/vec4 v00000243a398bbb0_0;
    %flag_set/vec4 8;
    %jmp/0xz  T_0.0, 8;
    %pushi/vec4 0, 0, 2;
    %assign/vec4 v00000243a398bc50_0, 0;
    %pushi/vec4 0, 0, 3;
    %assign/vec4 v00000243a3986c80_0, 0;
    %jmp T_0.1;
T_0.0 ;
    %load/vec4 v00000243a398bc50_0;
    %dup/vec4;
    %pushi/vec4 0, 0, 2;
    %cmp/u;
    %jmp/1 T_0.2, 6;
    %dup/vec4;
    %pushi/vec4 1, 0, 2;
    %cmp/u;
    %jmp/1 T_0.3, 6;
    %dup/vec4;
    %pushi/vec4 2, 0, 2;
    %cmp/u;
    %jmp/1 T_0.4, 6;
    %jmp T_0.5;
T_0.2 ;
    %load/vec4 v00000243a3986c80_0;
    %pad/u 32;
    %cmpi/e 3, 0, 32;
    %jmp/0xz  T_0.6, 4;
    %pushi/vec4 1, 0, 2;
    %assign/vec4 v00000243a398bc50_0, 0;
    %pushi/vec4 0, 0, 3;
    %assign/vec4 v00000243a3986c80_0, 0;
    %jmp T_0.7;
T_0.6 ;
    %load/vec4 v00000243a3986c80_0;
    %addi 1, 0, 3;
    %assign/vec4 v00000243a3986c80_0, 0;
T_0.7 ;
    %jmp T_0.5;
T_0.3 ;
    %load/vec4 v00000243a3986c80_0;
    %pad/u 32;
    %cmpi/e 2, 0, 32;
    %jmp/0xz  T_0.8, 4;
    %pushi/vec4 2, 0, 2;
    %assign/vec4 v00000243a398bc50_0, 0;
    %pushi/vec4 0, 0, 3;
    %assign/vec4 v00000243a3986c80_0, 0;
    %jmp T_0.9;
T_0.8 ;
    %load/vec4 v00000243a3986c80_0;
    %addi 1, 0, 3;
    %assign/vec4 v00000243a3986c80_0, 0;
T_0.9 ;
    %jmp T_0.5;
T_0.4 ;
    %load/vec4 v00000243a3986c80_0;
    %pad/u 32;
    %cmpi/e 1, 0, 32;
    %jmp/0xz  T_0.10, 4;
    %pushi/vec4 0, 0, 2;
    %assign/vec4 v00000243a398bc50_0, 0;
    %pushi/vec4 0, 0, 3;
    %assign/vec4 v00000243a3986c80_0, 0;
    %jmp T_0.11;
T_0.10 ;
    %load/vec4 v00000243a3986c80_0;
    %addi 1, 0, 3;
    %assign/vec4 v00000243a3986c80_0, 0;
T_0.11 ;
    %jmp T_0.5;
T_0.5 ;
    %pop/vec4 1;
T_0.1 ;
    %jmp T_0;
    .thread T_0;
    .scope S_00000243a39d70e0;
T_1 ;
    %delay 5, 0;
    %load/vec4 v00000243a39d2780_0;
    %inv;
    %store/vec4 v00000243a39d2780_0, 0, 1;
    %jmp T_1;
    .thread T_1;
    .scope S_00000243a39d70e0;
T_2 ;
    %pushi/vec4 0, 0, 1;
    %store/vec4 v00000243a39d2780_0, 0, 1;
    %pushi/vec4 1, 0, 1;
    %store/vec4 v00000243a39d2820_0, 0, 1;
    %delay 10, 0;
    %pushi/vec4 0, 0, 1;
    %store/vec4 v00000243a39d2820_0, 0, 1;
    %delay 90, 0;
    %vpi_call 2 20 "$finish" {0 0 0};
    %end;
    .thread T_2;
# The file index is used to find the file name in the following table.
:file_names 4;
    "N/A";
    "<interactive>";
    "timed_fsm_tb.v";
    "timed_fsm.v";
